<?xml version="1.0" encoding="UTF-8" standalone="no"?><testsuite errors="0" failures="1" name="Delete book" skipped="0" tests="1" time="2.8" timestamp="2023-11-27 01:23:52"><testcase name="Delete a book successfully"><failure message="&#13;&#10;Expected: &lt;200&gt;&#13;&#10;     but: was &lt;403&gt;" type="java.lang.AssertionError">&#13;
Expected: &lt;200&gt;&#13;
     but: was &lt;403&gt;</failure><system-err>&#13;
Expected: &lt;200&gt;&#13;
     but: was &lt;403&gt;&#13;
com.booker.herokuapp.stepDefinitions.DeleteBookStepDefinition.theServiceResponseSuccessfully(DeleteBookStepDefinition.java:30)&#13;
âœ½.the service response successfully(file:///C:/Users/SQA/Desktop/Retos/AutoBook/src/test/resources/features/DeleteBook.feature:6)&#13;
</system-err></testcase></testsuite>